[2026-03-06 09:32:26] === Ontario Pay Hub update started ===
[2026-03-06 09:32:26] Previous job count: 40
[2026-03-06 09:32:26] New count: 40 (+0 new today)
[2026-03-06 09:32:27] Pushed to GitHub → Cloudflare Pages rebuilding
[2026-03-06 09:32:31] === Update complete ===
[2026-03-06 22:05:00] === Ontario Pay Hub update started ===
[2026-03-06 22:05:00] Previous job count: 52
[2026-03-06 22:05:00] No raw search results found (checked shared/ and /tmp) — zetsu may not have run yet
[2026-03-06 22:05:29] === Ontario Pay Hub update started ===
[2026-03-06 22:05:29] Previous job count: 52
[2026-03-06 22:05:29] Using shared raw file: /Users/clawii/.openclaw/shared/ontario-jobs-raw-2026-03-06.txt
[2026-03-06 22:05:47] Total: 52 | Active: 31 | +0 new | 12 links newly archived
[2026-03-06 22:05:48] Pushed to GitHub → Cloudflare Pages rebuilding
[2026-03-06 22:05:50] === Update complete ===
[2026-03-07 07:54:33] === Ontario Pay Hub update started ===
[2026-03-07 07:54:33] Previous job count: 52
[2026-03-07 07:54:33] Using shared raw file: /Users/clawii/.openclaw/shared/ontario-jobs-raw-2026-03-07.txt
[2026-03-07 07:58:04] === Ontario Pay Hub update started ===
[2026-03-07 07:58:04] Previous job count: 52
[2026-03-07 07:58:04] Using shared raw file: /Users/clawii/.openclaw/shared/ontario-jobs-raw-2026-03-07.txt
[2026-03-07 07:58:13] Total: 52 | Active: 31 | +0 new | 0 links newly archived
[2026-03-07 07:58:14] Pushed to GitHub → Cloudflare Pages rebuilding
[2026-03-07 07:58:15] === Update complete ===
[2026-03-07 07:59:00] === Ontario Pay Hub update started ===
[2026-03-07 07:59:00] Previous job count: 52
[2026-03-07 07:59:00] Using shared raw file: /Users/clawii/.openclaw/shared/ontario-jobs-raw-2026-03-07.txt
[2026-03-07 07:59:07] Total: 52 | Active: 31 | +0 new | 0 links newly archived
[2026-03-07 07:59:08] Pushed to GitHub → Cloudflare Pages rebuilding
[2026-03-07 07:59:10] === Update complete ===
[2026-03-07 08:05:50] === Ontario Pay Hub update started ===
[2026-03-07 08:05:50] Previous job count: 52
[2026-03-07 08:05:50] Using shared raw file: /Users/clawii/.openclaw/shared/ontario-jobs-raw-2026-03-07.txt
[2026-03-07 08:06:21] Total: 55 | Active: 34 | +3 new | 0 links newly archived
[2026-03-07 08:06:22] Pushed to GitHub → Cloudflare Pages rebuilding
[2026-03-07 08:06:25] === Update complete ===
[2026-03-07 13:08:55] === Ontario Pay Hub update started ===
[2026-03-07 13:08:55] Previous job count: 55
[2026-03-07 13:08:55] Using shared raw file: /Users/clawii/.openclaw/shared/ontario-jobs-raw-2026-03-07.txt
[2026-03-07 13:10:21] Total: 70 | Active: 48 | +15 new | 1 links newly archived
[2026-03-07 13:10:22] Pushed to GitHub → Cloudflare Pages rebuilding
[2026-03-07 13:10:25] === Update complete ===
[2026-03-07 14:00:06] === Ontario Pay Hub update started ===
[2026-03-07 14:00:07] Previous job count: 70
[2026-03-07 14:00:07] Using shared raw file: /Users/clawii/.openclaw/shared/ontario-jobs-raw-2026-03-07.txt
[2026-03-07 14:01:32] Total: 77 | Active: 52 | +7 new | 3 links newly archived
[2026-03-07 14:01:33] Pushed to GitHub → Cloudflare Pages rebuilding
[2026-03-07 14:01:36] === Update complete ===
[2026-03-07 17:23:10] === Ontario Pay Hub update started ===
[2026-03-07 17:23:10] Previous job count: 77
[2026-03-07 17:23:10] Using shared raw file: /Users/clawii/.openclaw/shared/ontario-jobs-raw-2026-03-07.txt
[2026-03-07 17:23:59] Total: 82 | Active: 57 | +5 new | 0 links newly archived
[2026-03-07 17:23:59] Pushed to GitHub → Cloudflare Pages rebuilding
[2026-03-07 17:24:03] === Update complete ===
